# JRE version: Java(TM) SE Runtime Environment (8.0_92-b14) (build 1.8.0_92-b14)
# Java VM: Java HotSpot(TM) 64-Bit Server VM (25.92-b14 mixed mode windows-amd64 compressed oops)
Heap:
 PSYoungGen      total 221184K, used 31910K [0x00000000d5e00000, 0x00000000e5480000, 0x0000000100000000)
  eden space 209920K, 15% used [0x00000000d5e00000,0x00000000d7d29a80,0x00000000e2b00000)
  from space 11264K, 0% used [0x00000000e3680000,0x00000000e3680000,0x00000000e4180000)
  to   space 11776K, 0% used [0x00000000e2b00000,0x00000000e2b00000,0x00000000e3680000)
 ParOldGen       total 71680K, used 13914K [0x0000000081a00000, 0x0000000086000000, 0x00000000d5e00000)
  object space 71680K, 19% used [0x0000000081a00000,0x00000000827969a8,0x0000000086000000)
 Metaspace       used 35972K, capacity 37612K, committed 37848K, reserved 1081344K
  class space    used 4724K, capacity 5030K, committed 5080K, reserved 1048576K
GC Heap History (10 events):
Event: 7.233 GC heap before
{Heap before GC invocations=6 (full 1):
 PSYoungGen      total 71680K, used 5117K [0x00000000d5e00000, 0x00000000df000000, 0x0000000100000000)
  eden space 66560K, 0% used [0x00000000d5e00000,0x00000000d5e00000,0x00000000d9f00000)
  from space 5120K, 99% used [0x00000000d9f00000,0x00000000da3ff578,0x00000000da400000)
  to   space 8192K, 0% used [0x00000000de800000,0x00000000de800000,0x00000000df000000)
 ParOldGen       total 87552K, used 5599K [0x0000000081a00000, 0x0000000086f80000, 0x00000000d5e00000)
  object space 87552K, 6% used [0x0000000081a00000,0x0000000081f77eb8,0x0000000086f80000)
 Metaspace       used 20645K, capacity 21178K, committed 21248K, reserved 1067008K
  class space    used 2641K, capacity 2799K, committed 2816K, reserved 1048576K
Event: 7.285 GC heap after
Heap after GC invocations=6 (full 1):
 PSYoungGen      total 71680K, used 0K [0x00000000d5e00000, 0x00000000df000000, 0x0000000100000000)
  eden space 66560K, 0% used [0x00000000d5e00000,0x00000000d5e00000,0x00000000d9f00000)
  from space 5120K, 0% used [0x00000000d9f00000,0x00000000d9f00000,0x00000000da400000)
  to   space 8192K, 0% used [0x00000000de800000,0x00000000de800000,0x00000000df000000)
 ParOldGen       total 48640K, used 6034K [0x0000000081a00000, 0x0000000084980000, 0x00000000d5e00000)
  object space 48640K, 12% used [0x0000000081a00000,0x0000000081fe4b58,0x0000000084980000)
 Metaspace       used 20645K, capacity 21178K, committed 21248K, reserved 1067008K
  class space    used 2641K, capacity 2799K, committed 2816K, reserved 1048576K
}
Event: 9.923 GC heap before
{Heap before GC invocations=7 (full 1):
 PSYoungGen      total 71680K, used 66560K [0x00000000d5e00000, 0x00000000df000000, 0x0000000100000000)
  eden space 66560K, 100% used [0x00000000d5e00000,0x00000000d9f00000,0x00000000d9f00000)
  from space 5120K, 0% used [0x00000000d9f00000,0x00000000d9f00000,0x00000000da400000)
  to   space 8192K, 0% used [0x00000000de800000,0x00000000de800000,0x00000000df000000)
 ParOldGen       total 48640K, used 6034K [0x0000000081a00000, 0x0000000084980000, 0x00000000d5e00000)
  object space 48640K, 12% used [0x0000000081a00000,0x0000000081fe4b58,0x0000000084980000)
 Metaspace       used 26388K, capacity 27180K, committed 27392K, reserved 1073152K
  class space    used 3386K, capacity 3576K, committed 3584K, reserved 1048576K
Event: 9.935 GC heap after
Heap after GC invocations=7 (full 1):
 PSYoungGen      total 127488K, used 7683K [0x00000000d5e00000, 0x00000000df000000, 0x0000000100000000)
  eden space 119296K, 0% used [0x00000000d5e00000,0x00000000d5e00000,0x00000000dd280000)
  from space 8192K, 93% used [0x00000000de800000,0x00000000def80ff0,0x00000000df000000)
  to   space 8704K, 0% used [0x00000000ddf00000,0x00000000ddf00000,0x00000000de780000)
 ParOldGen       total 48640K, used 6106K [0x0000000081a00000, 0x0000000084980000, 0x00000000d5e00000)
  object space 48640K, 12% used [0x0000000081a00000,0x0000000081ff6b68,0x0000000084980000)
 Metaspace       used 26388K, capacity 27180K, committed 27392K, reserved 1073152K
  class space    used 3386K, capacity 3576K, committed 3584K, reserved 1048576K
}
Event: 12.829 GC heap before
{Heap before GC invocations=8 (full 1):
 PSYoungGen      total 127488K, used 126979K [0x00000000d5e00000, 0x00000000df000000, 0x0000000100000000)
  eden space 119296K, 100% used [0x00000000d5e00000,0x00000000dd280000,0x00000000dd280000)
  from space 8192K, 93% used [0x00000000de800000,0x00000000def80ff0,0x00000000df000000)
  to   space 8704K, 0% used [0x00000000ddf00000,0x00000000ddf00000,0x00000000de780000)
 ParOldGen       total 48640K, used 6106K [0x0000000081a00000, 0x0000000084980000, 0x00000000d5e00000)
  object space 48640K, 12% used [0x0000000081a00000,0x0000000081ff6b68,0x0000000084980000)
 Metaspace       used 31790K, capacity 33072K, committed 33280K, reserved 1079296K
  class space    used 4089K, capacity 4344K, committed 4352K, reserved 1048576K
Event: 12.862 GC heap after
Heap after GC invocations=8 (full 1):
 PSYoungGen      total 140800K, used 8674K [0x00000000d5e00000, 0x00000000e4180000, 0x0000000100000000)
  eden space 132096K, 0% used [0x00000000d5e00000,0x00000000d5e00000,0x00000000ddf00000)
  from space 8704K, 99% used [0x00000000ddf00000,0x00000000de778900,0x00000000de780000)
  to   space 11264K, 0% used [0x00000000e3680000,0x00000000e3680000,0x00000000e4180000)
 ParOldGen       total 48640K, used 8709K [0x0000000081a00000, 0x0000000084980000, 0x00000000d5e00000)
  object space 48640K, 17% used [0x0000000081a00000,0x00000000822814a0,0x0000000084980000)
 Metaspace       used 31790K, capacity 33072K, committed 33280K, reserved 1079296K
  class space    used 4089K, capacity 4344K, committed 4352K, reserved 1048576K
}
Event: 14.780 GC heap before
{Heap before GC invocations=9 (full 1):
 PSYoungGen      total 140800K, used 115993K [0x00000000d5e00000, 0x00000000e4180000, 0x0000000100000000)
  eden space 132096K, 81% used [0x00000000d5e00000,0x00000000dc6cde00,0x00000000ddf00000)
  from space 8704K, 99% used [0x00000000ddf00000,0x00000000de778900,0x00000000de780000)
  to   space 11264K, 0% used [0x00000000e3680000,0x00000000e3680000,0x00000000e4180000)
 ParOldGen       total 48640K, used 8709K [0x0000000081a00000, 0x0000000084980000, 0x00000000d5e00000)
  object space 48640K, 17% used [0x0000000081a00000,0x00000000822814a0,0x0000000084980000)
 Metaspace       used 33735K, capacity 35302K, committed 35416K, reserved 1079296K
  class space    used 4342K, capacity 4631K, committed 4696K, reserved 1048576K
Event: 14.797 GC heap after
Heap after GC invocations=9 (full 1):
 PSYoungGen      total 221184K, used 9841K [0x00000000d5e00000, 0x00000000e5480000, 0x0000000100000000)
  eden space 209920K, 0% used [0x00000000d5e00000,0x00000000d5e00000,0x00000000e2b00000)
  from space 11264K, 87% used [0x00000000e3680000,0x00000000e401c4e8,0x00000000e4180000)
  to   space 11776K, 0% used [0x00000000e2b00000,0x00000000e2b00000,0x00000000e3680000)
 ParOldGen       total 48640K, used 8717K [0x0000000081a00000, 0x0000000084980000, 0x00000000d5e00000)
  object space 48640K, 17% used [0x0000000081a00000,0x00000000822834a0,0x0000000084980000)
 Metaspace       used 33735K, capacity 35302K, committed 35416K, reserved 1079296K
  class space    used 4342K, capacity 4631K, committed 4696K, reserved 1048576K
}
Event: 14.797 GC heap before
{Heap before GC invocations=10 (full 2):
 PSYoungGen      total 221184K, used 9841K [0x00000000d5e00000, 0x00000000e5480000, 0x0000000100000000)
  eden space 209920K, 0% used [0x00000000d5e00000,0x00000000d5e00000,0x00000000e2b00000)
  from space 11264K, 87% used [0x00000000e3680000,0x00000000e401c4e8,0x00000000e4180000)
  to   space 11776K, 0% used [0x00000000e2b00000,0x00000000e2b00000,0x00000000e3680000)
 ParOldGen       total 48640K, used 8717K [0x0000000081a00000, 0x0000000084980000, 0x00000000d5e00000)
  object space 48640K, 17% used [0x0000000081a00000,0x00000000822834a0,0x0000000084980000)
 Metaspace       used 33735K, capacity 35302K, committed 35416K, reserved 1079296K
  class space    used 4342K, capacity 4631K, committed 4696K, reserved 1048576K
Event: 14.916 GC heap after
Heap after GC invocations=10 (full 2):
 PSYoungGen      total 221184K, used 0K [0x00000000d5e00000, 0x00000000e5480000, 0x0000000100000000)
  eden space 209920K, 0% used [0x00000000d5e00000,0x00000000d5e00000,0x00000000e2b00000)
  from space 11264K, 0% used [0x00000000e3680000,0x00000000e3680000,0x00000000e4180000)
  to   space 11776K, 0% used [0x00000000e2b00000,0x00000000e2b00000,0x00000000e3680000)
 ParOldGen       total 71680K, used 13914K [0x0000000081a00000, 0x0000000086000000, 0x00000000d5e00000)
  object space 71680K, 19% used [0x0000000081a00000,0x00000000827969a8,0x0000000086000000)
 Metaspace       used 33735K, capacity 35302K, committed 35416K, reserved 1079296K
  class space    used 4342K, capacity 4631K, committed 4696K, reserved 1048576K
}

